{"E:\\TRAININGS\\loopback\\trello-ui\\src\\app.tsx": {"path":"E:\\TRAININGS\\loopback\\trello-ui\\src\\app.tsx","statementMap":{"0":{"start":{"line":1,"column":0},"end":{"line":1,"column":31}},"1":{"start":{"line":2,"column":0},"end":{"line":2,"column":66}},"2":{"start":{"line":3,"column":0},"end":{"line":3,"column":55}},"3":{"start":{"line":4,"column":0},"end":{"line":4,"column":46}},"4":{"start":{"line":5,"column":0},"end":{"line":5,"column":59}},"5":{"start":{"line":6,"column":0},"end":{"line":6,"column":46}},"6":{"start":{"line":8,"column":0},"end":{"line":8,"column":43}},"7":{"start":{"line":9,"column":0},"end":{"line":9,"column":65}},"8":{"start":{"line":10,"column":0},"end":{"line":10,"column":71}},"9":{"start":{"line":11,"column":0},"end":{"line":11,"column":59}},"10":{"start":{"line":13,"column":0},"end":{"line":13,"column":null}},"11":{"start":{"line":13,"column":33},"end":{"line":13,"column":38}},"12":{"start":{"line":15,"column":4},"end":{"line":31,"column":null}},"13":{"start":{"line":16,"column":8},"end":{"line":30,"column":null}},"14":{"start":{"line":32,"column":0},"end":{"line":32,"column":null}}},"fnMap":{"0":{"name":"(anonymous_6)","decl":{"start":{"line":13,"column":0},"end":{"line":13,"column":33}},"loc":{"start":{"line":13,"column":0},"end":{"line":32,"column":null}}},"1":{"name":"(anonymous_8)","decl":{"start":{"line":15,"column":4},"end":{"line":15,"column":10}},"loc":{"start":{"line":15,"column":4},"end":{"line":31,"column":5}}}},"branchMap":{},"s":{"0":1,"1":1,"2":1,"3":1,"4":1,"5":1,"6":1,"7":1,"8":1,"9":1,"10":1,"11":1,"12":1,"13":1,"14":1},"f":{"0":2,"1":1},"b":{}}
,"E:\\TRAININGS\\loopback\\trello-ui\\src\\Pages\\Signup\\index.tsx": {"path":"E:\\TRAININGS\\loopback\\trello-ui\\src\\Pages\\Signup\\index.tsx","statementMap":{"0":{"start":{"line":1,"column":0},"end":{"line":1,"column":8}},"1":{"start":{"line":1,"column":8},"end":{"line":1,"column":29}}},"fnMap":{},"branchMap":{},"s":{"0":1,"1":1},"f":{},"b":{}}
,"E:\\TRAININGS\\loopback\\trello-ui\\src\\Pages\\Signup\\signup.tsx": {"path":"E:\\TRAININGS\\loopback\\trello-ui\\src\\Pages\\Signup\\signup.tsx","statementMap":{"0":{"start":{"line":1,"column":0},"end":{"line":1,"column":30}},"1":{"start":{"line":2,"column":0},"end":{"line":2,"column":37}},"2":{"start":{"line":4,"column":0},"end":{"line":4,"column":54}},"3":{"start":{"line":5,"column":0},"end":{"line":5,"column":53}},"4":{"start":{"line":11,"column":27},"end":{"line":15,"column":1}},"5":{"start":{"line":12,"column":4},"end":{"line":14,"column":null}},"6":{"start":{"line":13,"column":38},"end":{"line":13,"column":66}},"7":{"start":{"line":17,"column":0},"end":{"line":17,"column":55}},"8":{"start":{"line":17,"column":29},"end":{"line":17,"column":34}},"9":{"start":{"line":20,"column":8},"end":{"line":20,"column":null}},"10":{"start":{"line":21,"column":8},"end":{"line":21,"column":57}},"11":{"start":{"line":24,"column":4},"end":{"line":26,"column":null}},"12":{"start":{"line":25,"column":8},"end":{"line":25,"column":36}},"13":{"start":{"line":28,"column":4},"end":{"line":34,"column":null}},"14":{"start":{"line":29,"column":8},"end":{"line":33,"column":null}},"15":{"start":{"line":35,"column":0},"end":{"line":35,"column":null}},"16":{"start":{"line":37,"column":0},"end":{"line":37,"column":null}}},"fnMap":{"0":{"name":"(anonymous_6)","decl":{"start":{"line":11,"column":27},"end":{"line":11,"column":28}},"loc":{"start":{"line":11,"column":41},"end":{"line":15,"column":1}}},"1":{"name":"(anonymous_7)","decl":{"start":{"line":13,"column":20},"end":{"line":13,"column":21}},"loc":{"start":{"line":13,"column":31},"end":{"line":13,"column":67}}},"2":{"name":"(anonymous_8)","decl":{"start":{"line":17,"column":0},"end":{"line":17,"column":29}},"loc":{"start":{"line":17,"column":0},"end":{"line":35,"column":null}}},"3":{"name":"UserSignupPage","decl":{"start":{"line":19,"column":4},"end":{"line":19,"column":16}},"loc":{"start":{"line":19,"column":32},"end":{"line":22,"column":5}}},"4":{"name":"(anonymous_10)","decl":{"start":{"line":24,"column":4},"end":{"line":24,"column":16}},"loc":{"start":{"line":24,"column":27},"end":{"line":26,"column":5}}},"5":{"name":"(anonymous_11)","decl":{"start":{"line":28,"column":4},"end":{"line":28,"column":10}},"loc":{"start":{"line":28,"column":4},"end":{"line":34,"column":5}}}},"branchMap":{"0":{"loc":{"start":{"line":20,"column":8},"end":{"line":20,"column":20}},"type":"binary-expr","locations":[{"start":{"line":20,"column":8},"end":{"line":20,"column":20}},{"start":{"line":20,"column":20},"end":{"line":20,"column":null}}]}},"s":{"0":1,"1":1,"2":1,"3":1,"4":1,"5":0,"6":0,"7":1,"8":1,"9":0,"10":0,"11":1,"12":0,"13":1,"14":0,"15":1,"16":1},"f":{"0":0,"1":0,"2":1,"3":0,"4":0,"5":0},"b":{"0":[0,0]}}
,"E:\\TRAININGS\\loopback\\trello-ui\\src\\components\\common\\spinner\\Spinner.tsx": {"path":"E:\\TRAININGS\\loopback\\trello-ui\\src\\components\\common\\spinner\\Spinner.tsx","statementMap":{"0":{"start":{"line":1,"column":0},"end":{"line":1,"column":30}},"1":{"start":{"line":2,"column":0},"end":{"line":2,"column":37}},"2":{"start":{"line":3,"column":0},"end":{"line":3,"column":22}},"3":{"start":{"line":9,"column":0},"end":{"line":9,"column":64}},"4":{"start":{"line":9,"column":35},"end":{"line":9,"column":40}},"5":{"start":{"line":15,"column":4},"end":{"line":20,"column":null}},"6":{"start":{"line":16,"column":14},"end":{"line":16,"column":15}},"7":{"start":{"line":16,"column":15},"end":{"line":16,"column":22}},"8":{"start":{"line":16,"column":24},"end":{"line":16,"column":46}},"9":{"start":{"line":17,"column":8},"end":{"line":19,"column":null}},"10":{"start":{"line":21,"column":0},"end":{"line":21,"column":null}},"11":{"start":{"line":9,"column":13},"end":{"line":9,"column":26}},"12":{"start":{"line":24,"column":24},"end":{"line":26,"column":1}},"13":{"start":{"line":25,"column":4},"end":{"line":25,"column":null}},"14":{"start":{"line":27,"column":0},"end":{"line":27,"column":null}}},"fnMap":{"0":{"name":"(anonymous_6)","decl":{"start":{"line":9,"column":0},"end":{"line":9,"column":13}},"loc":{"start":{"line":9,"column":0},"end":{"line":21,"column":null}}},"1":{"name":"SpinnerLoader","decl":{"start":{"line":11,"column":4},"end":{"line":11,"column":16}},"loc":{"start":{"line":11,"column":34},"end":{"line":13,"column":5}}},"2":{"name":"(anonymous_8)","decl":{"start":{"line":15,"column":4},"end":{"line":15,"column":10}},"loc":{"start":{"line":15,"column":4},"end":{"line":20,"column":5}}},"3":{"name":"(anonymous_9)","decl":{"start":{"line":24,"column":24},"end":{"line":24,"column":25}},"loc":{"start":{"line":24,"column":34},"end":{"line":26,"column":1}}}},"branchMap":{"0":{"loc":{"start":{"line":12,"column":8},"end":{"line":12,"column":20}},"type":"binary-expr","locations":[{"start":{"line":12,"column":8},"end":{"line":12,"column":20}},{"start":{"line":12,"column":20},"end":{"line":12,"column":null}}]},"1":{"loc":{"start":{"line":18,"column":28},"end":{"line":18,"column":182}},"type":"cond-expr","locations":[{"start":{"line":18,"column":28},"end":{"line":18,"column":182}},{"start":{"line":18,"column":185},"end":{"line":18,"column":193}}]}},"s":{"0":2,"1":2,"2":2,"3":2,"4":2,"5":2,"6":3,"7":3,"8":3,"9":3,"10":2,"11":2,"12":2,"13":1,"14":2},"f":{"0":2,"1":3,"2":3,"3":1},"b":{"0":[3,3],"1":[1,2]}}
,"E:\\TRAININGS\\loopback\\trello-ui\\src\\components\\common\\spinner\\index.tsx": {"path":"E:\\TRAININGS\\loopback\\trello-ui\\src\\components\\common\\spinner\\index.tsx","statementMap":{"0":{"start":{"line":1,"column":0},"end":{"line":1,"column":9}},"1":{"start":{"line":1,"column":9},"end":{"line":1,"column":33}}},"fnMap":{},"branchMap":{},"s":{"0":1,"1":1},"f":{},"b":{}}
,"E:\\TRAININGS\\loopback\\trello-ui\\src\\components\\common\\spinner\\spinner.css": {"path":"E:\\TRAININGS\\loopback\\trello-ui\\src\\components\\common\\spinner\\spinner.css","statementMap":{"0":{"start":{"line":1,"column":20},"end":{"line":1,"column":43}},"1":{"start":{"line":3,"column":0},"end":{"line":3,"column":561}},"2":{"start":{"line":4,"column":0},"end":{"line":4,"column":20}}},"fnMap":{},"branchMap":{},"s":{"0":2,"1":2,"2":2},"f":{},"b":{},"_coverageSchema":"43e27e138ebf9cfc5966b082cf9a028302ed4184","hash":"2d4caf89e7f28a5ba0ca4629eca619a1853ec61d"}
,"E:\\TRAININGS\\loopback\\trello-ui\\src\\components\\footer\\Footer.tsx": {"path":"E:\\TRAININGS\\loopback\\trello-ui\\src\\components\\footer\\Footer.tsx","statementMap":{"0":{"start":{"line":1,"column":0},"end":{"line":1,"column":31}},"1":{"start":{"line":3,"column":0},"end":{"line":12,"column":null}},"2":{"start":{"line":4,"column":4},"end":{"line":11,"column":null}}},"fnMap":{"0":{"name":"(anonymous_0)","decl":{"start":{"line":3,"column":15},"end":{"line":3,"column":null}},"loc":{"start":{"line":3,"column":15},"end":{"line":12,"column":1}}}},"branchMap":{},"s":{"0":1,"1":1,"2":0},"f":{"0":0},"b":{}}
,"E:\\TRAININGS\\loopback\\trello-ui\\src\\components\\footer\\index.tsx": {"path":"E:\\TRAININGS\\loopback\\trello-ui\\src\\components\\footer\\index.tsx","statementMap":{"0":{"start":{"line":1,"column":0},"end":{"line":1,"column":8}},"1":{"start":{"line":1,"column":8},"end":{"line":1,"column":28}}},"fnMap":{},"branchMap":{},"s":{"0":1,"1":1},"f":{},"b":{}}
,"E:\\TRAININGS\\loopback\\trello-ui\\src\\components\\header\\Header.tsx": {"path":"E:\\TRAININGS\\loopback\\trello-ui\\src\\components\\header\\Header.tsx","statementMap":{"0":{"start":{"line":1,"column":0},"end":{"line":1,"column":31}},"1":{"start":{"line":3,"column":0},"end":{"line":14,"column":null}},"2":{"start":{"line":4,"column":4},"end":{"line":13,"column":null}}},"fnMap":{"0":{"name":"(anonymous_0)","decl":{"start":{"line":3,"column":15},"end":{"line":3,"column":null}},"loc":{"start":{"line":3,"column":15},"end":{"line":14,"column":1}}}},"branchMap":{},"s":{"0":1,"1":1,"2":0},"f":{"0":0},"b":{}}
,"E:\\TRAININGS\\loopback\\trello-ui\\src\\configs\\index.tsx": {"path":"E:\\TRAININGS\\loopback\\trello-ui\\src\\configs\\index.tsx","statementMap":{"0":{"start":{"line":1,"column":0},"end":{"line":1,"column":38}},"1":{"start":{"line":2,"column":0},"end":{"line":2,"column":38}},"2":{"start":{"line":4,"column":13},"end":{"line":4,"column":22}},"3":{"start":{"line":5,"column":0},"end":{"line":5,"column":61}},"4":{"start":{"line":5,"column":41},"end":{"line":5,"column":61}},"5":{"start":{"line":7,"column":0},"end":{"line":7,"column":22}}},"fnMap":{},"branchMap":{"0":{"loc":{"start":{"line":5,"column":0},"end":{"line":5,"column":61}},"type":"if","locations":[{"start":{"line":5,"column":0},"end":{"line":5,"column":61}},{"start":{"line":5,"column":0},"end":{"line":5,"column":61}}]}},"s":{"0":1,"1":1,"2":1,"3":1,"4":0,"5":1},"f":{},"b":{"0":[0,1]}}
,"E:\\TRAININGS\\loopback\\trello-ui\\src\\configs\\production.ts": {"path":"E:\\TRAININGS\\loopback\\trello-ui\\src\\configs\\production.ts","statementMap":{"0":{"start":{"line":1,"column":0},"end":{"line":4,"column":null}}},"fnMap":{},"branchMap":{},"s":{"0":2},"f":{},"b":{}}
,"E:\\TRAININGS\\loopback\\trello-ui\\src\\containers\\AddTodo\\AddTodo.tsx": {"path":"E:\\TRAININGS\\loopback\\trello-ui\\src\\containers\\AddTodo\\AddTodo.tsx","statementMap":{"0":{"start":{"line":1,"column":0},"end":{"line":1,"column":30}},"1":{"start":{"line":2,"column":0},"end":{"line":2,"column":37}},"2":{"start":{"line":3,"column":0},"end":{"line":3,"column":50}},"3":{"start":{"line":7,"column":27},"end":{"line":11,"column":1}},"4":{"start":{"line":8,"column":4},"end":{"line":10,"column":null}},"5":{"start":{"line":9,"column":43},"end":{"line":9,"column":75}},"6":{"start":{"line":23,"column":0},"end":{"line":23,"column":65}},"7":{"start":{"line":23,"column":22},"end":{"line":23,"column":27}},"8":{"start":{"line":25,"column":8},"end":{"line":25,"column":null}},"9":{"start":{"line":26,"column":8},"end":{"line":26,"column":null}},"10":{"start":{"line":27,"column":8},"end":{"line":27,"column":null}},"11":{"start":{"line":28,"column":29},"end":{"line":28,"column":75}},"12":{"start":{"line":29,"column":8},"end":{"line":29,"column":53}},"13":{"start":{"line":32,"column":4},"end":{"line":41,"column":null}},"14":{"start":{"line":33,"column":23},"end":{"line":33,"column":35}},"15":{"start":{"line":34,"column":21},"end":{"line":34,"column":32}},"16":{"start":{"line":35,"column":8},"end":{"line":40,"column":null}},"17":{"start":{"line":43,"column":4},"end":{"line":49,"column":null}},"18":{"start":{"line":44,"column":8},"end":{"line":44,"column":null}},"19":{"start":{"line":45,"column":26},"end":{"line":45,"column":67}},"20":{"start":{"line":46,"column":8},"end":{"line":46,"column":31}},"21":{"start":{"line":47,"column":8},"end":{"line":47,"column":null}},"22":{"start":{"line":51,"column":4},"end":{"line":64,"column":null}},"23":{"start":{"line":52,"column":15},"end":{"line":52,"column":19}},"24":{"start":{"line":53,"column":8},"end":{"line":63,"column":16}},"25":{"start":{"line":65,"column":0},"end":{"line":65,"column":null}},"26":{"start":{"line":68,"column":0},"end":{"line":68,"column":null}}},"fnMap":{"0":{"name":"(anonymous_8)","decl":{"start":{"line":7,"column":27},"end":{"line":7,"column":28}},"loc":{"start":{"line":7,"column":40},"end":{"line":11,"column":1}}},"1":{"name":"(anonymous_9)","decl":{"start":{"line":9,"column":18},"end":{"line":9,"column":19}},"loc":{"start":{"line":9,"column":37},"end":{"line":9,"column":75}}},"2":{"name":"(anonymous_10)","decl":{"start":{"line":23,"column":0},"end":{"line":23,"column":22}},"loc":{"start":{"line":23,"column":0},"end":{"line":65,"column":null}}},"3":{"name":"AddTodo","decl":{"start":{"line":24,"column":4},"end":{"line":24,"column":16}},"loc":{"start":{"line":24,"column":34},"end":{"line":30,"column":5}}},"4":{"name":"(anonymous_12)","decl":{"start":{"line":32,"column":4},"end":{"line":32,"column":16}},"loc":{"start":{"line":32,"column":26},"end":{"line":41,"column":5}}},"5":{"name":"(anonymous_13)","decl":{"start":{"line":43,"column":4},"end":{"line":43,"column":16}},"loc":{"start":{"line":43,"column":26},"end":{"line":49,"column":5}}},"6":{"name":"(anonymous_14)","decl":{"start":{"line":51,"column":4},"end":{"line":51,"column":10}},"loc":{"start":{"line":51,"column":4},"end":{"line":64,"column":5}}}},"branchMap":{"0":{"loc":{"start":{"line":25,"column":8},"end":{"line":25,"column":20}},"type":"binary-expr","locations":[{"start":{"line":25,"column":8},"end":{"line":25,"column":20}},{"start":{"line":25,"column":20},"end":{"line":25,"column":null}}]}},"s":{"0":1,"1":1,"2":1,"3":1,"4":0,"5":0,"6":1,"7":1,"8":0,"9":0,"10":0,"11":0,"12":0,"13":1,"14":0,"15":0,"16":0,"17":1,"18":0,"19":0,"20":0,"21":0,"22":1,"23":0,"24":0,"25":1,"26":1},"f":{"0":0,"1":0,"2":1,"3":0,"4":0,"5":0,"6":0},"b":{"0":[0,0]}}
,"E:\\TRAININGS\\loopback\\trello-ui\\src\\containers\\AddTodo\\index.tsx": {"path":"E:\\TRAININGS\\loopback\\trello-ui\\src\\containers\\AddTodo\\index.tsx","statementMap":{"0":{"start":{"line":1,"column":0},"end":{"line":1,"column":9}},"1":{"start":{"line":1,"column":9},"end":{"line":1,"column":27}}},"fnMap":{},"branchMap":{},"s":{"0":1,"1":1},"f":{},"b":{}}
,"E:\\TRAININGS\\loopback\\trello-ui\\src\\containers\\ErrorBoundadry\\ErrorBoundary.tsx": {"path":"E:\\TRAININGS\\loopback\\trello-ui\\src\\containers\\ErrorBoundadry\\ErrorBoundary.tsx","statementMap":{"0":{"start":{"line":1,"column":0},"end":{"line":1,"column":31}},"1":{"start":{"line":7,"column":0},"end":{"line":7,"column":82}},"2":{"start":{"line":7,"column":43},"end":{"line":7,"column":48}},"3":{"start":{"line":9,"column":6},"end":{"line":9,"column":null}},"4":{"start":{"line":10,"column":6},"end":{"line":10,"column":39}},"5":{"start":{"line":13,"column":11},"end":{"line":16,"column":null}},"6":{"start":{"line":15,"column":6},"end":{"line":15,"column":32}},"7":{"start":{"line":18,"column":4},"end":{"line":21,"column":null}},"8":{"start":{"line":23,"column":4},"end":{"line":32,"column":null}},"9":{"start":{"line":26,"column":8},"end":{"line":29,"column":null}},"10":{"start":{"line":31,"column":6},"end":{"line":31,"column":33}},"11":{"start":{"line":33,"column":2},"end":{"line":33,"column":null}}},"fnMap":{"0":{"name":"(anonymous_6)","decl":{"start":{"line":7,"column":0},"end":{"line":7,"column":43}},"loc":{"start":{"line":7,"column":0},"end":{"line":33,"column":null}}},"1":{"name":"ErrorBoundary","decl":{"start":{"line":8,"column":4},"end":{"line":8,"column":16}},"loc":{"start":{"line":8,"column":25},"end":{"line":11,"column":5}}},"2":{"name":"(anonymous_8)","decl":{"start":{"line":13,"column":4},"end":{"line":13,"column":11}},"loc":{"start":{"line":13,"column":4},"end":{"line":16,"column":5}}},"3":{"name":"(anonymous_9)","decl":{"start":{"line":18,"column":4},"end":{"line":18,"column":21}},"loc":{"start":{"line":18,"column":4},"end":{"line":21,"column":5}}},"4":{"name":"(anonymous_10)","decl":{"start":{"line":23,"column":4},"end":{"line":23,"column":10}},"loc":{"start":{"line":23,"column":4},"end":{"line":32,"column":5}}}},"branchMap":{"0":{"loc":{"start":{"line":9,"column":6},"end":{"line":9,"column":18}},"type":"binary-expr","locations":[{"start":{"line":9,"column":6},"end":{"line":9,"column":18}},{"start":{"line":9,"column":18},"end":{"line":9,"column":null}}]}},"s":{"0":1,"1":1,"2":1,"3":1,"4":1,"5":1,"6":0,"7":1,"8":1,"9":0,"10":1,"11":1},"f":{"0":1,"1":1,"2":0,"3":0,"4":1},"b":{"0":[1,1]}}
,"E:\\TRAININGS\\loopback\\trello-ui\\src\\containers\\ErrorBoundadry\\index.tsx": {"path":"E:\\TRAININGS\\loopback\\trello-ui\\src\\containers\\ErrorBoundadry\\index.tsx","statementMap":{"0":{"start":{"line":1,"column":0},"end":{"line":1,"column":9}},"1":{"start":{"line":1,"column":9},"end":{"line":1,"column":33}}},"fnMap":{},"branchMap":{},"s":{"0":1,"1":1},"f":{},"b":{}}
,"E:\\TRAININGS\\loopback\\trello-ui\\src\\containers\\Login\\Login.tsx": {"path":"E:\\TRAININGS\\loopback\\trello-ui\\src\\containers\\Login\\Login.tsx","statementMap":{"0":{"start":{"line":1,"column":0},"end":{"line":1,"column":30}},"1":{"start":{"line":3,"column":0},"end":{"line":6,"column":null}},"2":{"start":{"line":4,"column":4},"end":{"line":5,"column":null}}},"fnMap":{"0":{"name":"(anonymous_0)","decl":{"start":{"line":3,"column":15},"end":{"line":3,"column":null}},"loc":{"start":{"line":3,"column":15},"end":{"line":6,"column":1}}}},"branchMap":{},"s":{"0":1,"1":1,"2":0},"f":{"0":0},"b":{}}
,"E:\\TRAININGS\\loopback\\trello-ui\\src\\containers\\Login\\index.tsx": {"path":"E:\\TRAININGS\\loopback\\trello-ui\\src\\containers\\Login\\index.tsx","statementMap":{"0":{"start":{"line":1,"column":0},"end":{"line":1,"column":8}},"1":{"start":{"line":1,"column":8},"end":{"line":1,"column":28}}},"fnMap":{},"branchMap":{},"s":{"0":1,"1":1},"f":{},"b":{}}
,"E:\\TRAININGS\\loopback\\trello-ui\\src\\containers\\Signup\\SignupForm.tsx": {"path":"E:\\TRAININGS\\loopback\\trello-ui\\src\\containers\\Signup\\SignupForm.tsx","statementMap":{"0":{"start":{"line":1,"column":0},"end":{"line":1,"column":30}},"1":{"start":{"line":11,"column":0},"end":{"line":11,"column":93}},"2":{"start":{"line":11,"column":44},"end":{"line":11,"column":49}},"3":{"start":{"line":14,"column":8},"end":{"line":14,"column":null}},"4":{"start":{"line":15,"column":8},"end":{"line":15,"column":57}},"5":{"start":{"line":16,"column":8},"end":{"line":16,"column":57}},"6":{"start":{"line":17,"column":28},"end":{"line":17,"column":88}},"7":{"start":{"line":18,"column":8},"end":{"line":18,"column":null}},"8":{"start":{"line":21,"column":4},"end":{"line":24,"column":null}},"9":{"start":{"line":22,"column":8},"end":{"line":22,"column":31}},"10":{"start":{"line":23,"column":8},"end":{"line":23,"column":45}},"11":{"start":{"line":26,"column":4},"end":{"line":28,"column":null}},"12":{"start":{"line":27,"column":8},"end":{"line":27,"column":79}},"13":{"start":{"line":30,"column":4},"end":{"line":56,"column":null}},"14":{"start":{"line":30,"column":4},"end":{"line":30,"column":10}},"15":{"start":{"line":31,"column":15},"end":{"line":31,"column":19}},"16":{"start":{"line":32,"column":8},"end":{"line":55,"column":null}},"17":{"start":{"line":36,"column":116},"end":{"line":36,"column":147}},"18":{"start":{"line":40,"column":124},"end":{"line":40,"column":159}},"19":{"start":{"line":44,"column":126},"end":{"line":44,"column":158}},"20":{"start":{"line":49,"column":129},"end":{"line":49,"column":164}},"21":{"start":{"line":57,"column":0},"end":{"line":57,"column":null}}},"fnMap":{"0":{"name":"(anonymous_8)","decl":{"start":{"line":11,"column":0},"end":{"line":11,"column":44}},"loc":{"start":{"line":11,"column":0},"end":{"line":57,"column":null}}},"1":{"name":"UserSignupForm","decl":{"start":{"line":13,"column":4},"end":{"line":13,"column":16}},"loc":{"start":{"line":13,"column":37},"end":{"line":19,"column":5}}},"2":{"name":"(anonymous_10)","decl":{"start":{"line":21,"column":4},"end":{"line":21,"column":16}},"loc":{"start":{"line":21,"column":26},"end":{"line":24,"column":5}}},"3":{"name":"(anonymous_11)","decl":{"start":{"line":26,"column":4},"end":{"line":26,"column":16}},"loc":{"start":{"line":26,"column":39},"end":{"line":28,"column":5}}},"4":{"name":"(anonymous_12)","decl":{"start":{"line":30,"column":4},"end":{"line":30,"column":10}},"loc":{"start":{"line":30,"column":4},"end":{"line":56,"column":5}}},"5":{"name":"(anonymous_13)","decl":{"start":{"line":36,"column":111},"end":{"line":36,"column":112}},"loc":{"start":{"line":36,"column":113},"end":{"line":36,"column":120}}},"6":{"name":"(anonymous_14)","decl":{"start":{"line":40,"column":119},"end":{"line":40,"column":120}},"loc":{"start":{"line":40,"column":121},"end":{"line":40,"column":128}}},"7":{"name":"(anonymous_15)","decl":{"start":{"line":44,"column":121},"end":{"line":44,"column":122}},"loc":{"start":{"line":44,"column":123},"end":{"line":44,"column":130}}},"8":{"name":"(anonymous_16)","decl":{"start":{"line":49,"column":124},"end":{"line":49,"column":125}},"loc":{"start":{"line":49,"column":126},"end":{"line":49,"column":133}}}},"branchMap":{"0":{"loc":{"start":{"line":14,"column":8},"end":{"line":14,"column":20}},"type":"binary-expr","locations":[{"start":{"line":14,"column":8},"end":{"line":14,"column":20}},{"start":{"line":14,"column":20},"end":{"line":14,"column":null}}]}},"s":{"0":2,"1":2,"2":2,"3":1,"4":1,"5":1,"6":1,"7":1,"8":2,"9":1,"10":1,"11":2,"12":0,"13":2,"14":1,"15":1,"16":1,"17":0,"18":0,"19":0,"20":0,"21":2},"f":{"0":2,"1":1,"2":1,"3":0,"4":1,"5":0,"6":0,"7":0,"8":0},"b":{"0":[1,1]}}
,"E:\\TRAININGS\\loopback\\trello-ui\\src\\containers\\Signup\\index.tsx": {"path":"E:\\TRAININGS\\loopback\\trello-ui\\src\\containers\\Signup\\index.tsx","statementMap":{"0":{"start":{"line":1,"column":0},"end":{"line":1,"column":8}},"1":{"start":{"line":1,"column":8},"end":{"line":1,"column":29}}},"fnMap":{},"branchMap":{},"s":{"0":1,"1":1},"f":{},"b":{}}
,"E:\\TRAININGS\\loopback\\trello-ui\\src\\containers\\Todo\\Todo.tsx": {"path":"E:\\TRAININGS\\loopback\\trello-ui\\src\\containers\\Todo\\Todo.tsx","statementMap":{"0":{"start":{"line":1,"column":0},"end":{"line":1,"column":30}},"1":{"start":{"line":9,"column":0},"end":{"line":14,"column":null}},"2":{"start":{"line":10,"column":11},"end":{"line":10,"column":15}},"3":{"start":{"line":10,"column":17},"end":{"line":10,"column":27}},"4":{"start":{"line":11,"column":4},"end":{"line":13,"column":null}},"5":{"start":{"line":12,"column":144},"end":{"line":12,"column":180}}},"fnMap":{"0":{"name":"(anonymous_0)","decl":{"start":{"line":9,"column":15},"end":{"line":9,"column":16}},"loc":{"start":{"line":9,"column":37},"end":{"line":14,"column":1}}},"1":{"name":"(anonymous_1)","decl":{"start":{"line":12,"column":140},"end":{"line":12,"column":144}},"loc":{"start":{"line":12,"column":140},"end":{"line":12,"column":154}}}},"branchMap":{},"s":{"0":1,"1":1,"2":0,"3":0,"4":0,"5":0},"f":{"0":0,"1":0},"b":{}}
,"E:\\TRAININGS\\loopback\\trello-ui\\src\\containers\\Todo\\index.tsx": {"path":"E:\\TRAININGS\\loopback\\trello-ui\\src\\containers\\Todo\\index.tsx","statementMap":{"0":{"start":{"line":1,"column":0},"end":{"line":1,"column":8}},"1":{"start":{"line":1,"column":8},"end":{"line":1,"column":30}}},"fnMap":{},"branchMap":{},"s":{"0":1,"1":1},"f":{},"b":{}}
,"E:\\TRAININGS\\loopback\\trello-ui\\src\\containers\\todoList\\TodosList.tsx": {"path":"E:\\TRAININGS\\loopback\\trello-ui\\src\\containers\\todoList\\TodosList.tsx","statementMap":{"0":{"start":{"line":1,"column":0},"end":{"line":1,"column":30}},"1":{"start":{"line":2,"column":0},"end":{"line":2,"column":37}},"2":{"start":{"line":4,"column":0},"end":{"line":4,"column":38}},"3":{"start":{"line":6,"column":0},"end":{"line":6,"column":53}},"4":{"start":{"line":7,"column":0},"end":{"line":7,"column":49}},"5":{"start":{"line":17,"column":0},"end":{"line":17,"column":50}},"6":{"start":{"line":17,"column":24},"end":{"line":17,"column":29}},"7":{"start":{"line":23,"column":4},"end":{"line":36,"column":null}},"8":{"start":{"line":23,"column":4},"end":{"line":23,"column":10}},"9":{"start":{"line":24,"column":15},"end":{"line":24,"column":20}},"10":{"start":{"line":25,"column":8},"end":{"line":35,"column":null}},"11":{"start":{"line":31,"column":24},"end":{"line":31,"column":null}},"12":{"start":{"line":31,"column":86},"end":{"line":31,"column":119}},"13":{"start":{"line":37,"column":0},"end":{"line":37,"column":null}},"14":{"start":{"line":39,"column":24},"end":{"line":41,"column":1}},"15":{"start":{"line":40,"column":4},"end":{"line":40,"column":null}},"16":{"start":{"line":43,"column":29},"end":{"line":47,"column":1}},"17":{"start":{"line":44,"column":4},"end":{"line":46,"column":null}},"18":{"start":{"line":45,"column":36},"end":{"line":45,"column":null}},"19":{"start":{"line":50,"column":0},"end":{"line":50,"column":null}}},"fnMap":{"0":{"name":"(anonymous_6)","decl":{"start":{"line":17,"column":0},"end":{"line":17,"column":24}},"loc":{"start":{"line":17,"column":0},"end":{"line":37,"column":null}}},"1":{"name":"TodosList","decl":{"start":{"line":19,"column":4},"end":{"line":19,"column":16}},"loc":{"start":{"line":19,"column":32},"end":{"line":21,"column":5}}},"2":{"name":"(anonymous_8)","decl":{"start":{"line":23,"column":4},"end":{"line":23,"column":10}},"loc":{"start":{"line":23,"column":4},"end":{"line":36,"column":5}}},"3":{"name":"(anonymous_9)","decl":{"start":{"line":30,"column":30},"end":{"line":30,"column":31}},"loc":{"start":{"line":30,"column":45},"end":{"line":32,"column":21}}},"4":{"name":"(anonymous_10)","decl":{"start":{"line":31,"column":82},"end":{"line":31,"column":86}},"loc":{"start":{"line":31,"column":82},"end":{"line":31,"column":90}}},"5":{"name":"(anonymous_11)","decl":{"start":{"line":39,"column":24},"end":{"line":39,"column":25}},"loc":{"start":{"line":39,"column":34},"end":{"line":41,"column":1}}},"6":{"name":"(anonymous_12)","decl":{"start":{"line":43,"column":29},"end":{"line":43,"column":30}},"loc":{"start":{"line":43,"column":42},"end":{"line":47,"column":1}}},"7":{"name":"(anonymous_13)","decl":{"start":{"line":45,"column":21},"end":{"line":45,"column":22}},"loc":{"start":{"line":45,"column":31},"end":{"line":45,"column":44}}}},"branchMap":{"0":{"loc":{"start":{"line":20,"column":8},"end":{"line":20,"column":20}},"type":"binary-expr","locations":[{"start":{"line":20,"column":8},"end":{"line":20,"column":20}},{"start":{"line":20,"column":20},"end":{"line":20,"column":null}}]}},"s":{"0":1,"1":1,"2":1,"3":1,"4":1,"5":1,"6":1,"7":1,"8":0,"9":0,"10":0,"11":0,"12":0,"13":1,"14":1,"15":0,"16":1,"17":0,"18":0,"19":1},"f":{"0":1,"1":0,"2":0,"3":0,"4":0,"5":0,"6":0,"7":0},"b":{"0":[0,0]}}
,"E:\\TRAININGS\\loopback\\trello-ui\\src\\layouts\\AppLayout\\DashboardLayout.tsx": {"path":"E:\\TRAININGS\\loopback\\trello-ui\\src\\layouts\\AppLayout\\DashboardLayout.tsx","statementMap":{"0":{"start":{"line":1,"column":0},"end":{"line":1,"column":30}},"1":{"start":{"line":3,"column":0},"end":{"line":3,"column":54}},"2":{"start":{"line":4,"column":0},"end":{"line":4,"column":49}},"3":{"start":{"line":6,"column":24},"end":{"line":14,"column":1}},"4":{"start":{"line":7,"column":4},"end":{"line":13,"column":null}},"5":{"start":{"line":17,"column":0},"end":{"line":17,"column":31}}},"fnMap":{"0":{"name":"(anonymous_0)","decl":{"start":{"line":6,"column":24},"end":{"line":6,"column":25}},"loc":{"start":{"line":6,"column":34},"end":{"line":14,"column":1}}}},"branchMap":{},"s":{"0":1,"1":1,"2":1,"3":1,"4":0,"5":1},"f":{"0":0},"b":{}}
,"E:\\TRAININGS\\loopback\\trello-ui\\src\\layouts\\AppLayout\\DashboardLayoutRoutes.tsx": {"path":"E:\\TRAININGS\\loopback\\trello-ui\\src\\layouts\\AppLayout\\DashboardLayoutRoutes.tsx","statementMap":{"0":{"start":{"line":1,"column":0},"end":{"line":1,"column":30}},"1":{"start":{"line":3,"column":0},"end":{"line":3,"column":40}},"2":{"start":{"line":4,"column":0},"end":{"line":4,"column":48}},"3":{"start":{"line":6,"column":30},"end":{"line":14,"column":1}},"4":{"start":{"line":6,"column":32},"end":{"line":6,"column":52}},"5":{"start":{"line":6,"column":54},"end":{"line":6,"column":61}},"6":{"start":{"line":7,"column":2},"end":{"line":13,"column":null}},"7":{"start":{"line":8,"column":43},"end":{"line":12,"column":9}},"8":{"start":{"line":16,"column":0},"end":{"line":16,"column":37}}},"fnMap":{"0":{"name":"(anonymous_3)","decl":{"start":{"line":6,"column":30},"end":{"line":6,"column":31}},"loc":{"start":{"line":6,"column":67},"end":{"line":14,"column":1}}},"1":{"name":"(anonymous_4)","decl":{"start":{"line":8,"column":29},"end":{"line":8,"column":39}},"loc":{"start":{"line":8,"column":39},"end":{"line":8,"column":null}}}},"branchMap":{},"s":{"0":1,"1":1,"2":1,"3":1,"4":0,"5":0,"6":0,"7":0,"8":1},"f":{"0":0,"1":0},"b":{}}
,"E:\\TRAININGS\\loopback\\trello-ui\\src\\layouts\\LoginLayout\\LoginLayout.tsx": {"path":"E:\\TRAININGS\\loopback\\trello-ui\\src\\layouts\\LoginLayout\\LoginLayout.tsx","statementMap":{"0":{"start":{"line":1,"column":0},"end":{"line":1,"column":30}},"1":{"start":{"line":3,"column":20},"end":{"line":9,"column":1}},"2":{"start":{"line":4,"column":4},"end":{"line":8,"column":null}},"3":{"start":{"line":11,"column":0},"end":{"line":11,"column":27}}},"fnMap":{"0":{"name":"(anonymous_0)","decl":{"start":{"line":3,"column":20},"end":{"line":3,"column":21}},"loc":{"start":{"line":3,"column":30},"end":{"line":9,"column":1}}}},"branchMap":{},"s":{"0":1,"1":1,"2":0,"3":1},"f":{"0":0},"b":{}}
,"E:\\TRAININGS\\loopback\\trello-ui\\src\\layouts\\LoginLayout\\LoginLayoutRoutes.tsx": {"path":"E:\\TRAININGS\\loopback\\trello-ui\\src\\layouts\\LoginLayout\\LoginLayoutRoutes.tsx","statementMap":{"0":{"start":{"line":1,"column":0},"end":{"line":1,"column":30}},"1":{"start":{"line":3,"column":0},"end":{"line":3,"column":40}},"2":{"start":{"line":4,"column":0},"end":{"line":4,"column":39}},"3":{"start":{"line":5,"column":26},"end":{"line":11,"column":1}},"4":{"start":{"line":5,"column":28},"end":{"line":5,"column":48}},"5":{"start":{"line":5,"column":49},"end":{"line":5,"column":56}},"6":{"start":{"line":6,"column":4},"end":{"line":10,"column":null}},"7":{"start":{"line":7,"column":45},"end":{"line":9,"column":11}},"8":{"start":{"line":13,"column":0},"end":{"line":13,"column":33}}},"fnMap":{"0":{"name":"(anonymous_3)","decl":{"start":{"line":5,"column":26},"end":{"line":5,"column":27}},"loc":{"start":{"line":5,"column":61},"end":{"line":11,"column":1}}},"1":{"name":"(anonymous_4)","decl":{"start":{"line":7,"column":31},"end":{"line":7,"column":41}},"loc":{"start":{"line":7,"column":41},"end":{"line":7,"column":null}}}},"branchMap":{},"s":{"0":1,"1":1,"2":1,"3":1,"4":0,"5":0,"6":0,"7":0,"8":1},"f":{"0":0,"1":0},"b":{}}
,"E:\\TRAININGS\\loopback\\trello-ui\\src\\redux\\constants.ts": {"path":"E:\\TRAININGS\\loopback\\trello-ui\\src\\redux\\constants.ts","statementMap":{"0":{"start":{"line":1,"column":0},"end":{"line":7,"column":null}}},"fnMap":{},"branchMap":{},"s":{"0":1},"f":{},"b":{}}
,"E:\\TRAININGS\\loopback\\trello-ui\\src\\redux\\store.ts": {"path":"E:\\TRAININGS\\loopback\\trello-ui\\src\\redux\\store.ts","statementMap":{"0":{"start":{"line":1,"column":0},"end":{"line":1,"column":52}},"1":{"start":{"line":2,"column":0},"end":{"line":2,"column":33}},"2":{"start":{"line":3,"column":0},"end":{"line":3,"column":46}},"3":{"start":{"line":4,"column":23},"end":{"line":4,"column":45}},"4":{"start":{"line":5,"column":0},"end":{"line":5,"column":31}},"5":{"start":{"line":10,"column":14},"end":{"line":10,"column":67}},"6":{"start":{"line":11,"column":0},"end":{"line":11,"column":29}},"7":{"start":{"line":12,"column":0},"end":{"line":12,"column":21}}},"fnMap":{},"branchMap":{},"s":{"0":1,"1":1,"2":1,"3":1,"4":1,"5":1,"6":1,"7":1},"f":{},"b":{}}
,"E:\\TRAININGS\\loopback\\trello-ui\\src\\redux\\actions\\todos.tsx": {"path":"E:\\TRAININGS\\loopback\\trello-ui\\src\\redux\\actions\\todos.tsx","statementMap":{"0":{"start":{"line":1,"column":13},"end":{"line":1,"column":14}},"1":{"start":{"line":2,"column":0},"end":{"line":2,"column":35}},"2":{"start":{"line":4,"column":13},"end":{"line":10,"column":null}},"3":{"start":{"line":5,"column":4},"end":{"line":9,"column":null}},"4":{"start":{"line":12,"column":13},"end":{"line":15,"column":null}},"5":{"start":{"line":12,"column":41},"end":{"line":15,"column":null}},"6":{"start":{"line":17,"column":13},"end":{"line":21,"column":null}},"7":{"start":{"line":17,"column":62},"end":{"line":21,"column":null}}},"fnMap":{"0":{"name":"(anonymous_0)","decl":{"start":{"line":4,"column":24},"end":{"line":4,"column":25}},"loc":{"start":{"line":4,"column":43},"end":{"line":10,"column":1}}},"1":{"name":"(anonymous_1)","decl":{"start":{"line":12,"column":27},"end":{"line":12,"column":28}},"loc":{"start":{"line":12,"column":38},"end":{"line":12,"column":42}}},"2":{"name":"(anonymous_2)","decl":{"start":{"line":17,"column":27},"end":{"line":17,"column":28}},"loc":{"start":{"line":17,"column":59},"end":{"line":17,"column":63}}}},"branchMap":{},"s":{"0":1,"1":1,"2":1,"3":0,"4":1,"5":0,"6":1,"7":0},"f":{"0":0,"1":0,"2":0},"b":{}}
,"E:\\TRAININGS\\loopback\\trello-ui\\src\\redux\\actions\\user.tsx": {"path":"E:\\TRAININGS\\loopback\\trello-ui\\src\\redux\\actions\\user.tsx","statementMap":{"0":{"start":{"line":1,"column":0},"end":{"line":1,"column":35}},"1":{"start":{"line":4,"column":13},"end":{"line":10,"column":null}},"2":{"start":{"line":5,"column":4},"end":{"line":5,"column":null}},"3":{"start":{"line":6,"column":4},"end":{"line":9,"column":null}},"4":{"start":{"line":13,"column":13},"end":{"line":19,"column":null}},"5":{"start":{"line":14,"column":4},"end":{"line":14,"column":null}},"6":{"start":{"line":15,"column":4},"end":{"line":18,"column":null}}},"fnMap":{"0":{"name":"(anonymous_0)","decl":{"start":{"line":4,"column":27},"end":{"line":4,"column":28}},"loc":{"start":{"line":4,"column":37},"end":{"line":10,"column":1}}},"1":{"name":"(anonymous_1)","decl":{"start":{"line":13,"column":35},"end":{"line":13,"column":36}},"loc":{"start":{"line":13,"column":47},"end":{"line":19,"column":1}}}},"branchMap":{},"s":{"0":1,"1":1,"2":0,"3":0,"4":1,"5":0,"6":0},"f":{"0":0,"1":0},"b":{}}
,"E:\\TRAININGS\\loopback\\trello-ui\\src\\redux\\reducers\\index.ts": {"path":"E:\\TRAININGS\\loopback\\trello-ui\\src\\redux\\reducers\\index.ts","statementMap":{"0":{"start":{"line":1,"column":0},"end":{"line":1,"column":40}},"1":{"start":{"line":2,"column":0},"end":{"line":2,"column":28}},"2":{"start":{"line":3,"column":0},"end":{"line":3,"column":27}},"3":{"start":{"line":4,"column":0},"end":{"line":4,"column":46}}},"fnMap":{},"branchMap":{},"s":{"0":1,"1":1,"2":1,"3":1},"f":{},"b":{}}
,"E:\\TRAININGS\\loopback\\trello-ui\\src\\redux\\reducers\\todos.ts": {"path":"E:\\TRAININGS\\loopback\\trello-ui\\src\\redux\\reducers\\todos.ts","statementMap":{"0":{"start":{"line":2,"column":0},"end":{"line":2,"column":37}},"1":{"start":{"line":4,"column":32},"end":{"line":4,"column":34}},"2":{"start":{"line":5,"column":14},"end":{"line":25,"column":1}},"3":{"start":{"line":5,"column":15},"end":{"line":5,"column":34}},"4":{"start":{"line":8,"column":8},"end":{"line":8,"column":null}},"5":{"start":{"line":18,"column":27},"end":{"line":20,"column":14}},"6":{"start":{"line":19,"column":16},"end":{"line":19,"column":null}},"7":{"start":{"line":21,"column":12},"end":{"line":21,"column":null}},"8":{"start":{"line":23,"column":12},"end":{"line":23,"column":null}},"9":{"start":{"line":28,"column":0},"end":{"line":28,"column":21}}},"fnMap":{"0":{"name":"(anonymous_0)","decl":{"start":{"line":5,"column":14},"end":{"line":5,"column":15}},"loc":{"start":{"line":5,"column":44},"end":{"line":25,"column":1}}},"1":{"name":"(anonymous_1)","decl":{"start":{"line":18,"column":40},"end":{"line":18,"column":41}},"loc":{"start":{"line":18,"column":45},"end":{"line":20,"column":13}}}},"branchMap":{"0":{"loc":{"start":{"line":5,"column":15},"end":{"line":5,"column":34}},"type":"if","locations":[{"start":{"line":5,"column":15},"end":{"line":5,"column":34}},{"start":{"line":5,"column":15},"end":{"line":5,"column":34}}]},"1":{"loc":{"start":{"line":17,"column":8},"end":{"line":21,"column":null}},"type":"switch","locations":[{"start":{"line":17,"column":8},"end":{"line":21,"column":null}},{"start":{"line":22,"column":8},"end":{"line":23,"column":null}}]}},"s":{"0":1,"1":1,"2":1,"3":6,"4":0,"5":0,"6":0,"7":0,"8":3,"9":1},"f":{"0":3,"1":0},"b":{"0":[3,0],"1":[0,3]}}
,"E:\\TRAININGS\\loopback\\trello-ui\\src\\redux\\reducers\\user.tsx": {"path":"E:\\TRAININGS\\loopback\\trello-ui\\src\\redux\\reducers\\user.tsx","statementMap":{"0":{"start":{"line":2,"column":0},"end":{"line":2,"column":37}},"1":{"start":{"line":10,"column":14},"end":{"line":21,"column":1}},"2":{"start":{"line":10,"column":15},"end":{"line":10,"column":37}},"3":{"start":{"line":13,"column":12},"end":{"line":13,"column":null}},"4":{"start":{"line":14,"column":12},"end":{"line":14,"column":44}},"5":{"start":{"line":17,"column":12},"end":{"line":17,"column":67}},"6":{"start":{"line":19,"column":12},"end":{"line":19,"column":null}},"7":{"start":{"line":23,"column":0},"end":{"line":23,"column":21}}},"fnMap":{"0":{"name":"(anonymous_2)","decl":{"start":{"line":10,"column":14},"end":{"line":10,"column":15}},"loc":{"start":{"line":10,"column":47},"end":{"line":21,"column":1}}}},"branchMap":{"0":{"loc":{"start":{"line":10,"column":15},"end":{"line":10,"column":37}},"type":"if","locations":[{"start":{"line":10,"column":15},"end":{"line":10,"column":37}},{"start":{"line":10,"column":15},"end":{"line":10,"column":37}}]},"1":{"loc":{"start":{"line":12,"column":8},"end":{"line":14,"column":44}},"type":"switch","locations":[{"start":{"line":12,"column":8},"end":{"line":14,"column":44}},{"start":{"line":16,"column":8},"end":{"line":17,"column":67}},{"start":{"line":18,"column":8},"end":{"line":19,"column":null}}]}},"s":{"0":1,"1":1,"2":6,"3":0,"4":0,"5":0,"6":3,"7":1},"f":{"0":3},"b":{"0":[3,0],"1":[0,0,3]}}
,"E:\\TRAININGS\\loopback\\trello-ui\\src\\redux\\sagas\\index.tsx": {"path":"E:\\TRAININGS\\loopback\\trello-ui\\src\\redux\\sagas\\index.tsx","statementMap":{"0":{"start":{"line":1,"column":0},"end":{"line":1,"column":57}},"1":{"start":{"line":2,"column":0},"end":{"line":2,"column":34}},"2":{"start":{"line":5,"column":4},"end":{"line":7,"column":7}},"3":{"start":{"line":4,"column":0},"end":{"line":4,"column":25}}},"fnMap":{},"branchMap":{},"s":{"0":1,"1":1,"2":1,"3":1},"f":{},"b":{}}
,"E:\\TRAININGS\\loopback\\trello-ui\\src\\redux\\sagas\\user.tsx": {"path":"E:\\TRAININGS\\loopback\\trello-ui\\src\\redux\\sagas\\user.tsx","statementMap":{"0":{"start":{"line":1,"column":0},"end":{"line":1,"column":58}},"1":{"start":{"line":3,"column":0},"end":{"line":3,"column":50}},"2":{"start":{"line":11,"column":17},"end":{"line":11,"column":null}},"3":{"start":{"line":11,"column":10},"end":{"line":11,"column":null}},"4":{"start":{"line":12,"column":4},"end":{"line":12,"column":null}},"5":{"start":{"line":13,"column":4},"end":{"line":13,"column":28}},"6":{"start":{"line":17,"column":4},"end":{"line":17,"column":null}},"7":{"start":{"line":16,"column":0},"end":{"line":16,"column":25}}},"fnMap":{},"branchMap":{},"s":{"0":1,"1":1,"2":0,"3":0,"4":0,"5":0,"6":2,"7":1},"f":{},"b":{}}
,"E:\\TRAININGS\\loopback\\trello-ui\\src\\services\\http.tsx": {"path":"E:\\TRAININGS\\loopback\\trello-ui\\src\\services\\http.tsx","statementMap":{"0":{"start":{"line":1,"column":0},"end":{"line":1,"column":26}},"1":{"start":{"line":2,"column":0},"end":{"line":2,"column":32}},"2":{"start":{"line":4,"column":33},"end":{"line":4,"column":55}},"3":{"start":{"line":4,"column":55},"end":{"line":4,"column":null}},"4":{"start":{"line":5,"column":18},"end":{"line":5,"column":55}},"5":{"start":{"line":6,"column":4},"end":{"line":6,"column":52}},"6":{"start":{"line":4,"column":0},"end":{"line":4,"column":16}},"7":{"start":{"line":9,"column":48},"end":{"line":9,"column":null}},"8":{"start":{"line":10,"column":18},"end":{"line":10,"column":55}},"9":{"start":{"line":11,"column":4},"end":{"line":11,"column":48}},"10":{"start":{"line":9,"column":0},"end":{"line":9,"column":16}}},"fnMap":{"0":{"name":"get","decl":{"start":{"line":4,"column":16},"end":{"line":4,"column":19}},"loc":{"start":{"line":4,"column":72},"end":{"line":7,"column":1}}},"1":{"name":"post","decl":{"start":{"line":9,"column":16},"end":{"line":9,"column":20}},"loc":{"start":{"line":9,"column":65},"end":{"line":12,"column":1}}}},"branchMap":{"0":{"loc":{"start":{"line":4,"column":33},"end":{"line":4,"column":55}},"type":"if","locations":[{"start":{"line":4,"column":33},"end":{"line":4,"column":55}},{"start":{"line":4,"column":33},"end":{"line":4,"column":55}}]},"1":{"loc":{"start":{"line":4,"column":55},"end":{"line":4,"column":null}},"type":"if","locations":[{"start":{"line":4,"column":55},"end":{"line":4,"column":null}},{"start":{"line":4,"column":55},"end":{"line":4,"column":null}}]},"2":{"loc":{"start":{"line":5,"column":34},"end":{"line":5,"column":38}},"type":"cond-expr","locations":[{"start":{"line":5,"column":34},"end":{"line":5,"column":38}},{"start":{"line":5,"column":41},"end":{"line":5,"column":55}}]},"3":{"loc":{"start":{"line":9,"column":48},"end":{"line":9,"column":null}},"type":"if","locations":[{"start":{"line":9,"column":48},"end":{"line":9,"column":null}},{"start":{"line":9,"column":48},"end":{"line":9,"column":null}}]},"4":{"loc":{"start":{"line":10,"column":34},"end":{"line":10,"column":38}},"type":"cond-expr","locations":[{"start":{"line":10,"column":34},"end":{"line":10,"column":38}},{"start":{"line":10,"column":41},"end":{"line":10,"column":55}}]}},"s":{"0":1,"1":1,"2":0,"3":0,"4":0,"5":0,"6":1,"7":0,"8":0,"9":0,"10":1},"f":{"0":0,"1":0},"b":{"0":[0,0],"1":[0,0],"2":[0,0],"3":[0,0],"4":[0,0]}}
,"E:\\TRAININGS\\loopback\\trello-ui\\src\\services\\user.tsx": {"path":"E:\\TRAININGS\\loopback\\trello-ui\\src\\services\\user.tsx","statementMap":{"0":{"start":{"line":2,"column":0},"end":{"line":2,"column":33}},"1":{"start":{"line":5,"column":4},"end":{"line":5,"column":31}},"2":{"start":{"line":4,"column":0},"end":{"line":4,"column":16}},"3":{"start":{"line":9,"column":4},"end":{"line":9,"column":40}},"4":{"start":{"line":8,"column":0},"end":{"line":8,"column":16}}},"fnMap":{"0":{"name":"Signup","decl":{"start":{"line":4,"column":16},"end":{"line":4,"column":22}},"loc":{"start":{"line":4,"column":33},"end":{"line":6,"column":1}}},"1":{"name":"Login","decl":{"start":{"line":8,"column":16},"end":{"line":8,"column":21}},"loc":{"start":{"line":8,"column":37},"end":{"line":10,"column":1}}}},"branchMap":{},"s":{"0":1,"1":0,"2":1,"3":0,"4":1},"f":{"0":0,"1":0},"b":{}}
}
