TN:
SF:E:\TRAININGS\loopback\trello-ui\src\app.tsx
FN:13,(anonymous_6)
FN:15,(anonymous_8)
FNF:2
FNH:2
FNDA:2,(anonymous_6)
FNDA:1,(anonymous_8)
DA:1,1
DA:2,1
DA:3,1
DA:4,1
DA:5,1
DA:6,1
DA:8,1
DA:9,1
DA:10,1
DA:11,1
DA:13,1
DA:15,1
DA:16,1
DA:32,1
LF:14
LH:14
BRF:0
BRH:0
end_of_record
TN:
SF:E:\TRAININGS\loopback\trello-ui\src\Pages\Signup\index.tsx
FNF:0
FNH:0
DA:1,1
LF:1
LH:1
BRF:0
BRH:0
end_of_record
TN:
SF:E:\TRAININGS\loopback\trello-ui\src\Pages\Signup\signup.tsx
FN:11,(anonymous_6)
FN:13,(anonymous_7)
FN:17,(anonymous_8)
FN:19,UserSignupPage
FN:24,(anonymous_10)
FN:28,(anonymous_11)
FNF:6
FNH:1
FNDA:0,(anonymous_6)
FNDA:0,(anonymous_7)
FNDA:1,(anonymous_8)
FNDA:0,UserSignupPage
FNDA:0,(anonymous_10)
FNDA:0,(anonymous_11)
DA:1,1
DA:2,1
DA:4,1
DA:5,1
DA:11,1
DA:12,0
DA:13,0
DA:17,1
DA:20,0
DA:21,0
DA:24,1
DA:25,0
DA:28,1
DA:29,0
DA:35,1
DA:37,1
LF:16
LH:10
BRDA:20,0,0,0
BRDA:20,0,1,0
BRF:2
BRH:0
end_of_record
TN:
SF:E:\TRAININGS\loopback\trello-ui\src\components\common\spinner\Spinner.tsx
FN:9,(anonymous_6)
FN:11,SpinnerLoader
FN:15,(anonymous_8)
FN:24,(anonymous_9)
FNF:4
FNH:4
FNDA:2,(anonymous_6)
FNDA:3,SpinnerLoader
FNDA:3,(anonymous_8)
FNDA:1,(anonymous_9)
DA:1,2
DA:2,2
DA:3,2
DA:9,2
DA:15,2
DA:16,3
DA:17,3
DA:21,2
DA:24,2
DA:25,1
DA:27,2
LF:11
LH:11
BRDA:12,0,0,3
BRDA:12,0,1,3
BRDA:18,1,0,1
BRDA:18,1,1,2
BRF:4
BRH:4
end_of_record
TN:
SF:E:\TRAININGS\loopback\trello-ui\src\components\common\spinner\index.tsx
FNF:0
FNH:0
DA:1,1
LF:1
LH:1
BRF:0
BRH:0
end_of_record
TN:
SF:E:\TRAININGS\loopback\trello-ui\src\components\common\spinner\spinner.css
FNF:0
FNH:0
DA:1,2
DA:3,2
DA:4,2
LF:3
LH:3
BRF:0
BRH:0
end_of_record
TN:
SF:E:\TRAININGS\loopback\trello-ui\src\components\footer\Footer.tsx
FN:3,(anonymous_0)
FNF:1
FNH:0
FNDA:0,(anonymous_0)
DA:1,1
DA:3,1
DA:4,0
LF:3
LH:2
BRF:0
BRH:0
end_of_record
TN:
SF:E:\TRAININGS\loopback\trello-ui\src\components\footer\index.tsx
FNF:0
FNH:0
DA:1,1
LF:1
LH:1
BRF:0
BRH:0
end_of_record
TN:
SF:E:\TRAININGS\loopback\trello-ui\src\components\header\Header.tsx
FN:3,(anonymous_0)
FNF:1
FNH:0
FNDA:0,(anonymous_0)
DA:1,1
DA:3,1
DA:4,0
LF:3
LH:2
BRF:0
BRH:0
end_of_record
TN:
SF:E:\TRAININGS\loopback\trello-ui\src\configs\index.tsx
FNF:0
FNH:0
DA:1,1
DA:2,1
DA:4,1
DA:5,1
DA:7,1
LF:5
LH:5
BRDA:5,0,0,0
BRDA:5,0,1,1
BRF:2
BRH:1
end_of_record
TN:
SF:E:\TRAININGS\loopback\trello-ui\src\configs\production.ts
FNF:0
FNH:0
DA:1,2
LF:1
LH:1
BRF:0
BRH:0
end_of_record
TN:
SF:E:\TRAININGS\loopback\trello-ui\src\containers\AddTodo\AddTodo.tsx
FN:7,(anonymous_8)
FN:9,(anonymous_9)
FN:23,(anonymous_10)
FN:24,AddTodo
FN:32,(anonymous_12)
FN:43,(anonymous_13)
FN:51,(anonymous_14)
FNF:7
FNH:1
FNDA:0,(anonymous_8)
FNDA:0,(anonymous_9)
FNDA:1,(anonymous_10)
FNDA:0,AddTodo
FNDA:0,(anonymous_12)
FNDA:0,(anonymous_13)
FNDA:0,(anonymous_14)
DA:1,1
DA:2,1
DA:3,1
DA:7,1
DA:8,0
DA:9,0
DA:23,1
DA:25,0
DA:26,0
DA:27,0
DA:28,0
DA:29,0
DA:32,1
DA:33,0
DA:34,0
DA:35,0
DA:43,1
DA:44,0
DA:45,0
DA:46,0
DA:47,0
DA:51,1
DA:52,0
DA:53,0
DA:65,1
DA:68,1
LF:26
LH:10
BRDA:25,0,0,0
BRDA:25,0,1,0
BRF:2
BRH:0
end_of_record
TN:
SF:E:\TRAININGS\loopback\trello-ui\src\containers\AddTodo\index.tsx
FNF:0
FNH:0
DA:1,1
LF:1
LH:1
BRF:0
BRH:0
end_of_record
TN:
SF:E:\TRAININGS\loopback\trello-ui\src\containers\ErrorBoundadry\ErrorBoundary.tsx
FN:7,(anonymous_6)
FN:8,ErrorBoundary
FN:13,(anonymous_8)
FN:18,(anonymous_9)
FN:23,(anonymous_10)
FNF:5
FNH:3
FNDA:1,(anonymous_6)
FNDA:1,ErrorBoundary
FNDA:0,(anonymous_8)
FNDA:0,(anonymous_9)
FNDA:1,(anonymous_10)
DA:1,1
DA:7,1
DA:9,1
DA:10,1
DA:13,1
DA:15,0
DA:18,1
DA:23,1
DA:26,0
DA:31,1
DA:33,1
LF:11
LH:9
BRDA:9,0,0,1
BRDA:9,0,1,1
BRF:2
BRH:2
end_of_record
TN:
SF:E:\TRAININGS\loopback\trello-ui\src\containers\ErrorBoundadry\index.tsx
FNF:0
FNH:0
DA:1,1
LF:1
LH:1
BRF:0
BRH:0
end_of_record
TN:
SF:E:\TRAININGS\loopback\trello-ui\src\containers\Login\Login.tsx
FN:3,(anonymous_0)
FNF:1
FNH:0
FNDA:0,(anonymous_0)
DA:1,1
DA:3,1
DA:4,0
LF:3
LH:2
BRF:0
BRH:0
end_of_record
TN:
SF:E:\TRAININGS\loopback\trello-ui\src\containers\Login\index.tsx
FNF:0
FNH:0
DA:1,1
LF:1
LH:1
BRF:0
BRH:0
end_of_record
TN:
SF:E:\TRAININGS\loopback\trello-ui\src\containers\Signup\SignupForm.tsx
FN:11,(anonymous_8)
FN:13,UserSignupForm
FN:21,(anonymous_10)
FN:26,(anonymous_11)
FN:30,(anonymous_12)
FN:36,(anonymous_13)
FN:40,(anonymous_14)
FN:44,(anonymous_15)
FN:49,(anonymous_16)
FNF:9
FNH:4
FNDA:2,(anonymous_8)
FNDA:1,UserSignupForm
FNDA:1,(anonymous_10)
FNDA:0,(anonymous_11)
FNDA:1,(anonymous_12)
FNDA:0,(anonymous_13)
FNDA:0,(anonymous_14)
FNDA:0,(anonymous_15)
FNDA:0,(anonymous_16)
DA:1,2
DA:11,2
DA:14,1
DA:15,1
DA:16,1
DA:17,1
DA:18,1
DA:21,2
DA:22,1
DA:23,1
DA:26,2
DA:27,0
DA:30,2
DA:31,1
DA:32,1
DA:36,0
DA:40,0
DA:44,0
DA:49,0
DA:57,2
LF:20
LH:15
BRDA:14,0,0,1
BRDA:14,0,1,1
BRF:2
BRH:2
end_of_record
TN:
SF:E:\TRAININGS\loopback\trello-ui\src\containers\Signup\index.tsx
FNF:0
FNH:0
DA:1,1
LF:1
LH:1
BRF:0
BRH:0
end_of_record
TN:
SF:E:\TRAININGS\loopback\trello-ui\src\containers\Todo\Todo.tsx
FN:9,(anonymous_0)
FN:12,(anonymous_1)
FNF:2
FNH:0
FNDA:0,(anonymous_0)
FNDA:0,(anonymous_1)
DA:1,1
DA:9,1
DA:10,0
DA:11,0
DA:12,0
LF:5
LH:2
BRF:0
BRH:0
end_of_record
TN:
SF:E:\TRAININGS\loopback\trello-ui\src\containers\Todo\index.tsx
FNF:0
FNH:0
DA:1,1
LF:1
LH:1
BRF:0
BRH:0
end_of_record
TN:
SF:E:\TRAININGS\loopback\trello-ui\src\containers\todoList\TodosList.tsx
FN:17,(anonymous_6)
FN:19,TodosList
FN:23,(anonymous_8)
FN:30,(anonymous_9)
FN:31,(anonymous_10)
FN:39,(anonymous_11)
FN:43,(anonymous_12)
FN:45,(anonymous_13)
FNF:8
FNH:1
FNDA:1,(anonymous_6)
FNDA:0,TodosList
FNDA:0,(anonymous_8)
FNDA:0,(anonymous_9)
FNDA:0,(anonymous_10)
FNDA:0,(anonymous_11)
FNDA:0,(anonymous_12)
FNDA:0,(anonymous_13)
DA:1,1
DA:2,1
DA:4,1
DA:6,1
DA:7,1
DA:17,1
DA:23,1
DA:24,0
DA:25,0
DA:31,0
DA:37,1
DA:39,1
DA:40,0
DA:43,1
DA:44,0
DA:45,0
DA:50,1
LF:17
LH:11
BRDA:20,0,0,0
BRDA:20,0,1,0
BRF:2
BRH:0
end_of_record
TN:
SF:E:\TRAININGS\loopback\trello-ui\src\layouts\AppLayout\DashboardLayout.tsx
FN:6,(anonymous_0)
FNF:1
FNH:0
FNDA:0,(anonymous_0)
DA:1,1
DA:3,1
DA:4,1
DA:6,1
DA:7,0
DA:17,1
LF:6
LH:5
BRF:0
BRH:0
end_of_record
TN:
SF:E:\TRAININGS\loopback\trello-ui\src\layouts\AppLayout\DashboardLayoutRoutes.tsx
FN:6,(anonymous_3)
FN:8,(anonymous_4)
FNF:2
FNH:0
FNDA:0,(anonymous_3)
FNDA:0,(anonymous_4)
DA:1,1
DA:3,1
DA:4,1
DA:6,1
DA:7,0
DA:8,0
DA:16,1
LF:7
LH:5
BRF:0
BRH:0
end_of_record
TN:
SF:E:\TRAININGS\loopback\trello-ui\src\layouts\LoginLayout\LoginLayout.tsx
FN:3,(anonymous_0)
FNF:1
FNH:0
FNDA:0,(anonymous_0)
DA:1,1
DA:3,1
DA:4,0
DA:11,1
LF:4
LH:3
BRF:0
BRH:0
end_of_record
TN:
SF:E:\TRAININGS\loopback\trello-ui\src\layouts\LoginLayout\LoginLayoutRoutes.tsx
FN:5,(anonymous_3)
FN:7,(anonymous_4)
FNF:2
FNH:0
FNDA:0,(anonymous_3)
FNDA:0,(anonymous_4)
DA:1,1
DA:3,1
DA:4,1
DA:5,1
DA:6,0
DA:7,0
DA:13,1
LF:7
LH:5
BRF:0
BRH:0
end_of_record
TN:
SF:E:\TRAININGS\loopback\trello-ui\src\redux\constants.ts
FNF:0
FNH:0
DA:1,1
LF:1
LH:1
BRF:0
BRH:0
end_of_record
TN:
SF:E:\TRAININGS\loopback\trello-ui\src\redux\store.ts
FNF:0
FNH:0
DA:1,1
DA:2,1
DA:3,1
DA:4,1
DA:5,1
DA:10,1
DA:11,1
DA:12,1
LF:8
LH:8
BRF:0
BRH:0
end_of_record
TN:
SF:E:\TRAININGS\loopback\trello-ui\src\redux\actions\todos.tsx
FN:4,(anonymous_0)
FN:12,(anonymous_1)
FN:17,(anonymous_2)
FNF:3
FNH:0
FNDA:0,(anonymous_0)
FNDA:0,(anonymous_1)
FNDA:0,(anonymous_2)
DA:1,1
DA:2,1
DA:4,1
DA:5,0
DA:12,1
DA:17,1
LF:6
LH:5
BRF:0
BRH:0
end_of_record
TN:
SF:E:\TRAININGS\loopback\trello-ui\src\redux\actions\user.tsx
FN:4,(anonymous_0)
FN:13,(anonymous_1)
FNF:2
FNH:0
FNDA:0,(anonymous_0)
FNDA:0,(anonymous_1)
DA:1,1
DA:4,1
DA:5,0
DA:6,0
DA:13,1
DA:14,0
DA:15,0
LF:7
LH:3
BRF:0
BRH:0
end_of_record
TN:
SF:E:\TRAININGS\loopback\trello-ui\src\redux\reducers\index.ts
FNF:0
FNH:0
DA:1,1
DA:2,1
DA:3,1
DA:4,1
LF:4
LH:4
BRF:0
BRH:0
end_of_record
TN:
SF:E:\TRAININGS\loopback\trello-ui\src\redux\reducers\todos.ts
FN:5,(anonymous_0)
FN:18,(anonymous_1)
FNF:2
FNH:1
FNDA:3,(anonymous_0)
FNDA:0,(anonymous_1)
DA:2,1
DA:4,1
DA:5,6
DA:8,0
DA:18,0
DA:19,0
DA:21,0
DA:23,3
DA:28,1
LF:9
LH:5
BRDA:5,0,0,3
BRDA:5,0,1,0
BRDA:17,1,0,0
BRDA:17,1,1,3
BRF:4
BRH:2
end_of_record
TN:
SF:E:\TRAININGS\loopback\trello-ui\src\redux\reducers\user.tsx
FN:10,(anonymous_2)
FNF:1
FNH:1
FNDA:3,(anonymous_2)
DA:2,1
DA:10,6
DA:13,0
DA:14,0
DA:17,0
DA:19,3
DA:23,1
LF:7
LH:4
BRDA:10,0,0,3
BRDA:10,0,1,0
BRDA:12,1,0,0
BRDA:12,1,1,0
BRDA:12,1,2,3
BRF:5
BRH:2
end_of_record
TN:
SF:E:\TRAININGS\loopback\trello-ui\src\redux\sagas\index.tsx
FNF:0
FNH:0
DA:1,1
DA:2,1
DA:4,1
DA:5,1
LF:4
LH:4
BRF:0
BRH:0
end_of_record
TN:
SF:E:\TRAININGS\loopback\trello-ui\src\redux\sagas\user.tsx
FNF:0
FNH:0
DA:1,1
DA:3,1
DA:11,0
DA:12,0
DA:13,0
DA:16,1
DA:17,2
LF:7
LH:4
BRF:0
BRH:0
end_of_record
TN:
SF:E:\TRAININGS\loopback\trello-ui\src\services\http.tsx
FN:4,get
FN:9,post
FNF:2
FNH:0
FNDA:0,get
FNDA:0,post
DA:1,1
DA:2,1
DA:4,1
DA:5,0
DA:6,0
DA:9,1
DA:10,0
DA:11,0
LF:8
LH:4
BRDA:4,0,0,0
BRDA:4,0,1,0
BRDA:4,1,0,0
BRDA:4,1,1,0
BRDA:5,2,0,0
BRDA:5,2,1,0
BRDA:9,3,0,0
BRDA:9,3,1,0
BRDA:10,4,0,0
BRDA:10,4,1,0
BRF:10
BRH:0
end_of_record
TN:
SF:E:\TRAININGS\loopback\trello-ui\src\services\user.tsx
FN:4,Signup
FN:8,Login
FNF:2
FNH:0
FNDA:0,Signup
FNDA:0,Login
DA:2,1
DA:4,1
DA:5,0
DA:8,1
DA:9,0
LF:5
LH:3
BRF:0
BRH:0
end_of_record
